<?xml version="1.0" encoding="UTF-8"?>
<!-- Generated by org.testng.reporters.JUnitReportReporter -->
<testsuite hostname="Rajesh" failures="0" tests="1" name="tests.Test_023" time="4.790" errors="0" timestamp="2025-06-15T14:22:42 IST" skipped="0">
  <testcase classname="tests.Test_023" name="TC_023" time="4.790"/>
</testsuite> <!-- tests.Test_023 -->
