<?xml version="1.0" encoding="UTF-8"?>
<!-- Generated by org.testng.reporters.JUnitReportReporter -->
<testsuite hostname="Rajesh" failures="0" tests="1" name="tests.Test_127" time="14.930" errors="0" timestamp="2025-06-15T14:23:16 IST" skipped="0">
  <testcase classname="tests.Test_127" name="TC_127" time="14.930"/>
</testsuite> <!-- tests.Test_127 -->
